c:\users\chong sheng\documents\sit\gam300\gam300\gam300engine\x64\debug\vc143.pdb
c:\users\chong sheng\documents\sit\gam300\gam300\gam300engine\x64\debug\vc143.idb
c:\users\chong sheng\documents\sit\gam300\gam300\gam300engine\x64\debug\windowswindow.obj
c:\users\chong sheng\documents\sit\gam300\gam300\gam300engine\x64\debug\vulkanswapchain.obj
c:\users\chong sheng\documents\sit\gam300\gam300\gam300engine\x64\debug\vulkaninstance.obj
c:\users\chong sheng\documents\sit\gam300\gam300\gam300engine\x64\debug\vulkandevice.obj
c:\users\chong sheng\documents\sit\gam300\gam300\gam300engine\x64\debug\vulkandebugger.obj
c:\users\chong sheng\documents\sit\gam300\gam300\gam300engine\x64\debug\audioengine.obj
c:\users\chong sheng\documents\sit\gam300\gam300\gam300engine\x64\debug\application.obj
c:\users\chong sheng\documents\sit\gam300\gam300\gam300engine\x64\debug\main.obj
c:\users\chong sheng\documents\sit\gam300\gam300\gam300engine\x64\debug\vector4.obj
c:\users\chong sheng\documents\sit\gam300\gam300\gam300engine\x64\debug\vector3.obj
c:\users\chong sheng\documents\sit\gam300\gam300\gam300engine\x64\debug\vector2.obj
c:\users\chong sheng\documents\sit\gam300\gam300\gam300engine\x64\debug\quaternion.obj
c:\users\chong sheng\documents\sit\gam300\gam300\gam300engine\x64\debug\matrix4.obj
c:\users\chong sheng\documents\sit\gam300\gam300\gam300engine\x64\debug\matrix3.obj
c:\users\chong sheng\documents\sit\gam300\gam300\gam300engine\x64\debug\matrix2.obj
c:\users\chong sheng\documents\sit\gam300\gam300\gam300engine\x64\debug\mathcommon.obj
c:\users\chong sheng\documents\sit\gam300\gam300\gam300engine\x64\debug\gam300engine.ilk
c:\users\chong sheng\documents\sit\gam300\gam300\gam300engine\x64\debug\gam300engine.exe
c:\users\chong sheng\documents\sit\gam300\gam300\gam300engine\x64\debug\gam300engine.pdb
c:\users\chong sheng\documents\sit\gam300\gam300\gam300engine\x64\debug\gam300engine.tlog\cl.command.1.tlog
c:\users\chong sheng\documents\sit\gam300\gam300\gam300engine\x64\debug\gam300engine.tlog\cl.items.tlog
c:\users\chong sheng\documents\sit\gam300\gam300\gam300engine\x64\debug\gam300engine.tlog\cl.read.1.tlog
c:\users\chong sheng\documents\sit\gam300\gam300\gam300engine\x64\debug\gam300engine.tlog\cl.write.1.tlog
c:\users\chong sheng\documents\sit\gam300\gam300\gam300engine\x64\debug\gam300engine.tlog\link.command.1.tlog
c:\users\chong sheng\documents\sit\gam300\gam300\gam300engine\x64\debug\gam300engine.tlog\link.read.1.tlog
c:\users\chong sheng\documents\sit\gam300\gam300\gam300engine\x64\debug\gam300engine.tlog\link.write.1.tlog
